                              INFLATION REPORT          12/15/2009     PAGE  1


    ITEM NUMBER: 12345
    ITEM DESCIPTION:   3 1/2 DISKETTE
    ITEM COST:     $1.00

                          YEAR      INFLATION RATE      ITEM COST WITH INFLATION
                            1             8%                       1.08
                            2             8%                       1.17
                            3             8%                       1.26
                            4             8%                       1.36
                            5             8%                       1.47
                            6             6%                       1.56
                            7             6%                       1.65
                            8             6%                       1.75
                            9             6%                       1.86
                           10             6%                       1.97                              INFLATION REPORT          12/15/2009     PAGE  2


    ITEM NUMBER: 36688
    ITEM DESCIPTION:   RAKE
    ITEM COST:    $12.99

                          YEAR      INFLATION RATE      ITEM COST WITH INFLATION
                            1             8%                      14.03
                            2             8%                      15.15
                            3             8%                      16.36
                            4             8%                      17.67
                            5             8%                      19.09
                            6             6%                      20.24
                            7             6%                      21.45
                            8             6%                      22.74
                            9             6%                      24.10
                           10             6%                      25.55                              INFLATION REPORT          12/15/2009     PAGE  3


    ITEM NUMBER: 77788
    ITEM DESCIPTION:   FILING CABINET
    ITEM COST:    $89.99

                          YEAR      INFLATION RATE      ITEM COST WITH INFLATION
                            1             8%                      97.19
                            2             8%                     104.96
                            3             8%                     113.36
                            4             8%                     122.43
                            5             8%                     132.22
                            6             6%                     140.15
                            7             6%                     148.56
                            8             6%                     157.48
                            9             6%                     166.92
                           10             6%                     176.94