            MONTHLY SALARY REPORT   11/19/2006   PAGE  1

    EMPLOYEE                   MONTHLY TAKE-HOME
      NAME                            PAY

ADAMSON                        $ 2,831.67
BAKER                          $ 3,547.92
CARTWELL                       $ 7,154.17
DORSEY                         $ 3,196.46
HAMMOND                        $   769.58
NOLTE                          $ 3,223.13
REDFORD                        $ 3,420.67
JOHNKE                         $ 3,899.38
WHITE                          $ 4,167.21
MARSHALL                       $   814.54
EISEN                          $ 3,574.58
SAGER                          $ 4,813.17
STERN                          $ 4,839.83
SUMMERS                        $ 4,764.69
JONES                          $   383.13
JOHNSON                        $ 7,114.17
NOLAN                          $ 3,178.89
CANTWELL                       $ 4,817.41
SMITH                          $ 5,318.54
HAMMEL                         $   733.58