
                   INFLATION REPORT             10/30/2023              page   1

    ITEM NUMBER:      12345
    ITEM DESCRIPTION: 3 1/2 DISKETTE
    ITEM DESCRIPTION: 3 1/2 DISKETTE
    ITEM COST:        $     1.00

                         YEAR     INFLATION RATE    ITEM COST W/ INFLATION
                           1             8%              $      1.08
                           2             8%              $      1.17
                           3             8%              $      1.26
                           4             8%              $      1.36
                           5             8%              $      1.47
                           6             6%              $      1.56
                           7             6%              $      1.65
                           8             6%              $      1.75
                           9             6%              $      1.86
                          10             6%              $      1.97

                   INFLATION REPORT             10/30/2023              page   2

    ITEM NUMBER:      36688
    ITEM DESCRIPTION: RAKE
    ITEM DESCRIPTION: RAKE
    ITEM COST:        $    12.99

                         YEAR     INFLATION RATE    ITEM COST W/ INFLATION
                           1             8%              $     14.03
                           2             8%              $     15.15
                           3             8%              $     16.36
                           4             8%              $     17.67
                           5             8%              $     19.08
                           6             6%              $     20.22
                           7             6%              $     21.43
                           8             6%              $     22.72
                           9             6%              $     24.08
                          10             6%              $     25.52

                   INFLATION REPORT             10/30/2023              page   3

    ITEM NUMBER:      77788
    ITEM DESCRIPTION: FILING CABINET
    ITEM DESCRIPTION: FILING CABINET
    ITEM COST:        $    89.99

                         YEAR     INFLATION RATE    ITEM COST W/ INFLATION
                           1             8%              $     97.19
                           2             8%              $    104.97
                           3             8%              $    113.37
                           4             8%              $    122.44
                           5             8%              $    132.24
                           6             6%              $    140.17
                           7             6%              $    148.58
                           8             6%              $    157.49
                           9             6%              $    166.94
                          10             6%              $    176.96
